<?xml version="1.0" encoding="UTF-8"?>
<testsuite xmlns:xsi="http://www.w3.org/2001/XMLSchema-instance" xsi:noNamespaceSchemaLocation="https://maven.apache.org/surefire/maven-surefire-plugin/xsd/surefire-test-report.xsd" name="pizza.spring.service.CommandeServiceTest" time="0.939" tests="4" errors="4" skipped="0" failures="0">
  <properties>
    <property name="sun.desktop" value="windows"/>
    <property name="awt.toolkit" value="sun.awt.windows.WToolkit"/>
    <property name="java.specification.version" value="11"/>
    <property name="sun.cpu.isalist" value="amd64"/>
    <property name="sun.jnu.encoding" value="Cp1252"/>
    <property name="java.class.path" value="D:\Documents\Cours\Cours Industrialisation Tests\pizza-spring\target\test-classes;D:\Documents\Cours\Cours Industrialisation Tests\pizza-spring\target\classes;C:\Users\maxdi\.m2\repository\org\apache\tomcat\tomcat-servlet-api\9.0.27\tomcat-servlet-api-9.0.27.jar;C:\Users\maxdi\.m2\repository\org\apache\tomcat\tomcat-jsp-api\9.0.27\tomcat-jsp-api-9.0.27.jar;C:\Users\maxdi\.m2\repository\org\apache\tomcat\tomcat-el-api\9.0.27\tomcat-el-api-9.0.27.jar;C:\Users\maxdi\.m2\repository\org\seleniumhq\selenium\selenium-support\3.141.59\selenium-support-3.141.59.jar;C:\Users\maxdi\.m2\repository\org\seleniumhq\selenium\selenium-api\3.141.59\selenium-api-3.141.59.jar;C:\Users\maxdi\.m2\repository\org\seleniumhq\selenium\selenium-remote-driver\3.141.59\selenium-remote-driver-3.141.59.jar;C:\Users\maxdi\.m2\repository\net\bytebuddy\byte-buddy\1.8.15\byte-buddy-1.8.15.jar;C:\Users\maxdi\.m2\repository\org\apache\commons\commons-exec\1.3\commons-exec-1.3.jar;C:\Users\maxdi\.m2\repository\com\google\guava\guava\25.0-jre\guava-25.0-jre.jar;C:\Users\maxdi\.m2\repository\com\google\code\findbugs\jsr305\1.3.9\jsr305-1.3.9.jar;C:\Users\maxdi\.m2\repository\org\checkerframework\checker-compat-qual\2.0.0\checker-compat-qual-2.0.0.jar;C:\Users\maxdi\.m2\repository\com\google\errorprone\error_prone_annotations\2.1.3\error_prone_annotations-2.1.3.jar;C:\Users\maxdi\.m2\repository\com\google\j2objc\j2objc-annotations\1.1\j2objc-annotations-1.1.jar;C:\Users\maxdi\.m2\repository\org\codehaus\mojo\animal-sniffer-annotations\1.14\animal-sniffer-annotations-1.14.jar;C:\Users\maxdi\.m2\repository\com\squareup\okhttp3\okhttp\3.11.0\okhttp-3.11.0.jar;C:\Users\maxdi\.m2\repository\com\squareup\okio\okio\1.14.0\okio-1.14.0.jar;C:\Users\maxdi\.m2\repository\javax\servlet\jstl\1.2\jstl-1.2.jar;C:\Users\maxdi\.m2\repository\org\springframework\spring-webmvc\5.2.1.RELEASE\spring-webmvc-5.2.1.RELEASE.jar;C:\Users\maxdi\.m2\repository\org\springframework\spring-aop\5.2.1.RELEASE\spring-aop-5.2.1.RELEASE.jar;C:\Users\maxdi\.m2\repository\org\springframework\spring-beans\5.2.1.RELEASE\spring-beans-5.2.1.RELEASE.jar;C:\Users\maxdi\.m2\repository\org\springframework\spring-context\5.2.1.RELEASE\spring-context-5.2.1.RELEASE.jar;C:\Users\maxdi\.m2\repository\org\springframework\spring-core\5.2.1.RELEASE\spring-core-5.2.1.RELEASE.jar;C:\Users\maxdi\.m2\repository\org\springframework\spring-jcl\5.2.1.RELEASE\spring-jcl-5.2.1.RELEASE.jar;C:\Users\maxdi\.m2\repository\org\springframework\spring-expression\5.2.1.RELEASE\spring-expression-5.2.1.RELEASE.jar;C:\Users\maxdi\.m2\repository\org\springframework\spring-web\5.2.1.RELEASE\spring-web-5.2.1.RELEASE.jar;C:\Users\maxdi\.m2\repository\org\springframework\spring-orm\5.2.1.RELEASE\spring-orm-5.2.1.RELEASE.jar;C:\Users\maxdi\.m2\repository\org\springframework\spring-jdbc\5.2.1.RELEASE\spring-jdbc-5.2.1.RELEASE.jar;C:\Users\maxdi\.m2\repository\org\springframework\spring-tx\5.2.1.RELEASE\spring-tx-5.2.1.RELEASE.jar;C:\Users\maxdi\.m2\repository\org\hibernate\hibernate-validator\5.4.2.Final\hibernate-validator-5.4.2.Final.jar;C:\Users\maxdi\.m2\repository\javax\validation\validation-api\1.1.0.Final\validation-api-1.1.0.Final.jar;C:\Users\maxdi\.m2\repository\org\jboss\logging\jboss-logging\3.3.0.Final\jboss-logging-3.3.0.Final.jar;C:\Users\maxdi\.m2\repository\com\fasterxml\classmate\1.3.1\classmate-1.3.1.jar;C:\Users\maxdi\.m2\repository\org\hibernate\hibernate-core\5.4.9.Final\hibernate-core-5.4.9.Final.jar;C:\Users\maxdi\.m2\repository\javax\persistence\javax.persistence-api\2.2\javax.persistence-api-2.2.jar;C:\Users\maxdi\.m2\repository\org\javassist\javassist\3.24.0-GA\javassist-3.24.0-GA.jar;C:\Users\maxdi\.m2\repository\antlr\antlr\2.7.7\antlr-2.7.7.jar;C:\Users\maxdi\.m2\repository\org\jboss\spec\javax\transaction\jboss-transaction-api_1.2_spec\1.1.1.Final\jboss-transaction-api_1.2_spec-1.1.1.Final.jar;C:\Users\maxdi\.m2\repository\org\jboss\jandex\2.1.1.Final\jandex-2.1.1.Final.jar;C:\Users\maxdi\.m2\repository\javax\activation\javax.activation-api\1.2.0\javax.activation-api-1.2.0.jar;C:\Users\maxdi\.m2\repository\org\dom4j\dom4j\2.1.1\dom4j-2.1.1.jar;C:\Users\maxdi\.m2\repository\org\hibernate\common\hibernate-commons-annotations\5.1.0.Final\hibernate-commons-annotations-5.1.0.Final.jar;C:\Users\maxdi\.m2\repository\org\glassfish\jaxb\jaxb-runtime\2.3.1\jaxb-runtime-2.3.1.jar;C:\Users\maxdi\.m2\repository\org\glassfish\jaxb\txw2\2.3.1\txw2-2.3.1.jar;C:\Users\maxdi\.m2\repository\com\sun\istack\istack-commons-runtime\3.0.7\istack-commons-runtime-3.0.7.jar;C:\Users\maxdi\.m2\repository\org\jvnet\staxex\stax-ex\1.8\stax-ex-1.8.jar;C:\Users\maxdi\.m2\repository\com\sun\xml\fastinfoset\FastInfoset\1.2.15\FastInfoset-1.2.15.jar;C:\Users\maxdi\.m2\repository\org\apache\commons\commons-dbcp2\2.7.0\commons-dbcp2-2.7.0.jar;C:\Users\maxdi\.m2\repository\org\apache\commons\commons-pool2\2.7.0\commons-pool2-2.7.0.jar;C:\Users\maxdi\.m2\repository\commons-logging\commons-logging\1.2\commons-logging-1.2.jar;C:\Users\maxdi\.m2\repository\javax\xml\bind\jaxb-api\2.3.1\jaxb-api-2.3.1.jar;C:\Users\maxdi\.m2\repository\mysql\mysql-connector-java\5.1.47\mysql-connector-java-5.1.47.jar;C:\Users\maxdi\.m2\repository\org\springframework\spring-test\5.2.1.RELEASE\spring-test-5.2.1.RELEASE.jar;C:\Users\maxdi\.m2\repository\junit\junit\4.13\junit-4.13.jar;C:\Users\maxdi\.m2\repository\org\hamcrest\hamcrest-core\1.3\hamcrest-core-1.3.jar;C:\Users\maxdi\.m2\repository\org\seleniumhq\selenium\selenium-chrome-driver\3.141.59\selenium-chrome-driver-3.141.59.jar;C:\Users\maxdi\.m2\repository\org\mockito\mockito-core\3.3.3\mockito-core-3.3.3.jar;C:\Users\maxdi\.m2\repository\net\bytebuddy\byte-buddy-agent\1.10.5\byte-buddy-agent-1.10.5.jar;C:\Users\maxdi\.m2\repository\org\objenesis\objenesis\2.6\objenesis-2.6.jar;"/>
    <property name="java.vm.vendor" value="Oracle Corporation"/>
    <property name="sun.arch.data.model" value="64"/>
    <property name="user.variant" value=""/>
    <property name="java.vendor.url" value="http://java.oracle.com/"/>
    <property name="user.timezone" value="Europe/Paris"/>
    <property name="java.vm.specification.version" value="11"/>
    <property name="os.name" value="Windows 10"/>
    <property name="sun.java.launcher" value="SUN_STANDARD"/>
    <property name="user.country" value="FR"/>
    <property name="sun.boot.library.path" value="C:\Program Files\Java\jdk-11.0.4\bin"/>
    <property name="sun.java.command" value="C:\Users\maxdi\AppData\Local\Temp\surefire12414223678203441404\surefirebooter17174175826065223220.jar C:\Users\maxdi\AppData\Local\Temp\surefire12414223678203441404 2020-04-29T15-28-28_900-jvmRun1 surefire3948266393462506064tmp surefire_018006184708006333501tmp"/>
    <property name="jdk.debug" value="release"/>
    <property name="surefire.test.class.path" value="D:\Documents\Cours\Cours Industrialisation Tests\pizza-spring\target\test-classes;D:\Documents\Cours\Cours Industrialisation Tests\pizza-spring\target\classes;C:\Users\maxdi\.m2\repository\org\apache\tomcat\tomcat-servlet-api\9.0.27\tomcat-servlet-api-9.0.27.jar;C:\Users\maxdi\.m2\repository\org\apache\tomcat\tomcat-jsp-api\9.0.27\tomcat-jsp-api-9.0.27.jar;C:\Users\maxdi\.m2\repository\org\apache\tomcat\tomcat-el-api\9.0.27\tomcat-el-api-9.0.27.jar;C:\Users\maxdi\.m2\repository\org\seleniumhq\selenium\selenium-support\3.141.59\selenium-support-3.141.59.jar;C:\Users\maxdi\.m2\repository\org\seleniumhq\selenium\selenium-api\3.141.59\selenium-api-3.141.59.jar;C:\Users\maxdi\.m2\repository\org\seleniumhq\selenium\selenium-remote-driver\3.141.59\selenium-remote-driver-3.141.59.jar;C:\Users\maxdi\.m2\repository\net\bytebuddy\byte-buddy\1.8.15\byte-buddy-1.8.15.jar;C:\Users\maxdi\.m2\repository\org\apache\commons\commons-exec\1.3\commons-exec-1.3.jar;C:\Users\maxdi\.m2\repository\com\google\guava\guava\25.0-jre\guava-25.0-jre.jar;C:\Users\maxdi\.m2\repository\com\google\code\findbugs\jsr305\1.3.9\jsr305-1.3.9.jar;C:\Users\maxdi\.m2\repository\org\checkerframework\checker-compat-qual\2.0.0\checker-compat-qual-2.0.0.jar;C:\Users\maxdi\.m2\repository\com\google\errorprone\error_prone_annotations\2.1.3\error_prone_annotations-2.1.3.jar;C:\Users\maxdi\.m2\repository\com\google\j2objc\j2objc-annotations\1.1\j2objc-annotations-1.1.jar;C:\Users\maxdi\.m2\repository\org\codehaus\mojo\animal-sniffer-annotations\1.14\animal-sniffer-annotations-1.14.jar;C:\Users\maxdi\.m2\repository\com\squareup\okhttp3\okhttp\3.11.0\okhttp-3.11.0.jar;C:\Users\maxdi\.m2\repository\com\squareup\okio\okio\1.14.0\okio-1.14.0.jar;C:\Users\maxdi\.m2\repository\javax\servlet\jstl\1.2\jstl-1.2.jar;C:\Users\maxdi\.m2\repository\org\springframework\spring-webmvc\5.2.1.RELEASE\spring-webmvc-5.2.1.RELEASE.jar;C:\Users\maxdi\.m2\repository\org\springframework\spring-aop\5.2.1.RELEASE\spring-aop-5.2.1.RELEASE.jar;C:\Users\maxdi\.m2\repository\org\springframework\spring-beans\5.2.1.RELEASE\spring-beans-5.2.1.RELEASE.jar;C:\Users\maxdi\.m2\repository\org\springframework\spring-context\5.2.1.RELEASE\spring-context-5.2.1.RELEASE.jar;C:\Users\maxdi\.m2\repository\org\springframework\spring-core\5.2.1.RELEASE\spring-core-5.2.1.RELEASE.jar;C:\Users\maxdi\.m2\repository\org\springframework\spring-jcl\5.2.1.RELEASE\spring-jcl-5.2.1.RELEASE.jar;C:\Users\maxdi\.m2\repository\org\springframework\spring-expression\5.2.1.RELEASE\spring-expression-5.2.1.RELEASE.jar;C:\Users\maxdi\.m2\repository\org\springframework\spring-web\5.2.1.RELEASE\spring-web-5.2.1.RELEASE.jar;C:\Users\maxdi\.m2\repository\org\springframework\spring-orm\5.2.1.RELEASE\spring-orm-5.2.1.RELEASE.jar;C:\Users\maxdi\.m2\repository\org\springframework\spring-jdbc\5.2.1.RELEASE\spring-jdbc-5.2.1.RELEASE.jar;C:\Users\maxdi\.m2\repository\org\springframework\spring-tx\5.2.1.RELEASE\spring-tx-5.2.1.RELEASE.jar;C:\Users\maxdi\.m2\repository\org\hibernate\hibernate-validator\5.4.2.Final\hibernate-validator-5.4.2.Final.jar;C:\Users\maxdi\.m2\repository\javax\validation\validation-api\1.1.0.Final\validation-api-1.1.0.Final.jar;C:\Users\maxdi\.m2\repository\org\jboss\logging\jboss-logging\3.3.0.Final\jboss-logging-3.3.0.Final.jar;C:\Users\maxdi\.m2\repository\com\fasterxml\classmate\1.3.1\classmate-1.3.1.jar;C:\Users\maxdi\.m2\repository\org\hibernate\hibernate-core\5.4.9.Final\hibernate-core-5.4.9.Final.jar;C:\Users\maxdi\.m2\repository\javax\persistence\javax.persistence-api\2.2\javax.persistence-api-2.2.jar;C:\Users\maxdi\.m2\repository\org\javassist\javassist\3.24.0-GA\javassist-3.24.0-GA.jar;C:\Users\maxdi\.m2\repository\antlr\antlr\2.7.7\antlr-2.7.7.jar;C:\Users\maxdi\.m2\repository\org\jboss\spec\javax\transaction\jboss-transaction-api_1.2_spec\1.1.1.Final\jboss-transaction-api_1.2_spec-1.1.1.Final.jar;C:\Users\maxdi\.m2\repository\org\jboss\jandex\2.1.1.Final\jandex-2.1.1.Final.jar;C:\Users\maxdi\.m2\repository\javax\activation\javax.activation-api\1.2.0\javax.activation-api-1.2.0.jar;C:\Users\maxdi\.m2\repository\org\dom4j\dom4j\2.1.1\dom4j-2.1.1.jar;C:\Users\maxdi\.m2\repository\org\hibernate\common\hibernate-commons-annotations\5.1.0.Final\hibernate-commons-annotations-5.1.0.Final.jar;C:\Users\maxdi\.m2\repository\org\glassfish\jaxb\jaxb-runtime\2.3.1\jaxb-runtime-2.3.1.jar;C:\Users\maxdi\.m2\repository\org\glassfish\jaxb\txw2\2.3.1\txw2-2.3.1.jar;C:\Users\maxdi\.m2\repository\com\sun\istack\istack-commons-runtime\3.0.7\istack-commons-runtime-3.0.7.jar;C:\Users\maxdi\.m2\repository\org\jvnet\staxex\stax-ex\1.8\stax-ex-1.8.jar;C:\Users\maxdi\.m2\repository\com\sun\xml\fastinfoset\FastInfoset\1.2.15\FastInfoset-1.2.15.jar;C:\Users\maxdi\.m2\repository\org\apache\commons\commons-dbcp2\2.7.0\commons-dbcp2-2.7.0.jar;C:\Users\maxdi\.m2\repository\org\apache\commons\commons-pool2\2.7.0\commons-pool2-2.7.0.jar;C:\Users\maxdi\.m2\repository\commons-logging\commons-logging\1.2\commons-logging-1.2.jar;C:\Users\maxdi\.m2\repository\javax\xml\bind\jaxb-api\2.3.1\jaxb-api-2.3.1.jar;C:\Users\maxdi\.m2\repository\mysql\mysql-connector-java\5.1.47\mysql-connector-java-5.1.47.jar;C:\Users\maxdi\.m2\repository\org\springframework\spring-test\5.2.1.RELEASE\spring-test-5.2.1.RELEASE.jar;C:\Users\maxdi\.m2\repository\junit\junit\4.13\junit-4.13.jar;C:\Users\maxdi\.m2\repository\org\hamcrest\hamcrest-core\1.3\hamcrest-core-1.3.jar;C:\Users\maxdi\.m2\repository\org\seleniumhq\selenium\selenium-chrome-driver\3.141.59\selenium-chrome-driver-3.141.59.jar;C:\Users\maxdi\.m2\repository\org\mockito\mockito-core\3.3.3\mockito-core-3.3.3.jar;C:\Users\maxdi\.m2\repository\net\bytebuddy\byte-buddy-agent\1.10.5\byte-buddy-agent-1.10.5.jar;C:\Users\maxdi\.m2\repository\org\objenesis\objenesis\2.6\objenesis-2.6.jar;"/>
    <property name="sun.cpu.endian" value="little"/>
    <property name="user.home" value="C:\Users\maxdi"/>
    <property name="user.language" value="fr"/>
    <property name="java.specification.vendor" value="Oracle Corporation"/>
    <property name="java.version.date" value="2019-07-16"/>
    <property name="java.home" value="C:\Program Files\Java\jdk-11.0.4"/>
    <property name="file.separator" value="\"/>
    <property name="basedir" value="D:\Documents\Cours\Cours Industrialisation Tests\pizza-spring"/>
    <property name="java.vm.compressedOopsMode" value="Zero based"/>
    <property name="line.separator" value="&#10;"/>
    <property name="java.specification.name" value="Java Platform API Specification"/>
    <property name="java.vm.specification.vendor" value="Oracle Corporation"/>
    <property name="java.awt.graphicsenv" value="sun.awt.Win32GraphicsEnvironment"/>
    <property name="surefire.real.class.path" value="C:\Users\maxdi\AppData\Local\Temp\surefire12414223678203441404\surefirebooter17174175826065223220.jar"/>
    <property name="user.script" value=""/>
    <property name="sun.management.compiler" value="HotSpot 64-Bit Tiered Compilers"/>
    <property name="java.runtime.version" value="11.0.4+10-LTS"/>
    <property name="user.name" value="maxdi"/>
    <property name="path.separator" value=";"/>
    <property name="os.version" value="10.0"/>
    <property name="java.runtime.name" value="Java(TM) SE Runtime Environment"/>
    <property name="file.encoding" value="Cp1252"/>
    <property name="java.vm.name" value="Java HotSpot(TM) 64-Bit Server VM"/>
    <property name="java.vendor.version" value="18.9"/>
    <property name="localRepository" value="C:\Users\maxdi\.m2\repository"/>
    <property name="java.vendor.url.bug" value="http://bugreport.java.com/bugreport/"/>
    <property name="java.io.tmpdir" value="C:\Users\maxdi\AppData\Local\Temp\"/>
    <property name="java.version" value="11.0.4"/>
    <property name="user.dir" value="D:\Documents\Cours\Cours Industrialisation Tests\pizza-spring"/>
    <property name="os.arch" value="amd64"/>
    <property name="java.vm.specification.name" value="Java Virtual Machine Specification"/>
    <property name="java.awt.printerjob" value="sun.awt.windows.WPrinterJob"/>
    <property name="sun.os.patch.level" value=""/>
    <property name="java.library.path" value="C:\Program Files\Java\jdk-11.0.4\bin;C:\WINDOWS\Sun\Java\bin;C:\WINDOWS\system32;C:\WINDOWS;C:\Program Files (x86)\Common Files\Oracle\Java\javapath;C:\oraclexe\app\oracle\product\11.2.0\server\bin;C:\windows\system32;C:\windows;C:\windows\System32\Wbem;C:\windows\System32\WindowsPowerShell\v1.0\;C:\windows\System32\OpenSSH\;C:\Program Files (x86)\Intel\Intel(R) Management Engine Components\DAL;C:\Program Files\Intel\Intel(R) Management Engine Components\DAL;C:\Program Files (x86)\Intel\Intel(R) Management Engine Components\IPT;C:\Program Files\Intel\Intel(R) Management Engine Components\IPT;C:\Program Files (x86)\NVIDIA Corporation\PhysX\Common;C:\Program Files\NVIDIA Corporation\NVIDIA NvDLISR;C:\Program Files\Intel\WiFi\bin\;C:\Program Files\Common Files\Intel\WirelessCommon\;C:\WINDOWS\system32;C:\WINDOWS;C:\WINDOWS\System32\Wbem;C:\WINDOWS\System32\WindowsPowerShell\v1.0\;C:\WINDOWS\System32\OpenSSH\;C:\Program Files\Git\cmd;C:\ProgramData\ComposerSetup\bin;C:\wamp64\bin\php\php7.2.18;C:\Program Files\dotnet\;C:\Program Files\Microsoft SQL Server\130\Tools\Binn\;C:\Program Files\Microsoft SQL Server\Client SDK\ODBC\170\Tools\Binn\;C:\Program Files\nodejs\;C:\Program Files\apache-maven-3.6.3\bin;C:\webdriver;C:\Program Files\MySQL\MySQL Shell 8.0\bin\;C:\Users\maxdi\AppData\Local\Programs\Python\Python37-32\Scripts\;C:\Users\maxdi\AppData\Local\Programs\Python\Python37-32\;C:\Users\maxdi\AppData\Local\Microsoft\WindowsApps;C:\Users\maxdi\AppData\Local\GitHubDesktop\bin;C:\Users\maxdi\AppData\Roaming\Composer\vendor\bin;C:\Users\maxdi\AppData\Roaming\npm;."/>
    <property name="java.vendor" value="Oracle Corporation"/>
    <property name="java.vm.info" value="mixed mode"/>
    <property name="java.vm.version" value="11.0.4+10-LTS"/>
    <property name="sun.io.unicode.encoding" value="UnicodeLittle"/>
    <property name="java.class.version" value="55.0"/>
  </properties>
  <testcase name="commander_positionne_le_nom_et_le_telephone" classname="pizza.spring.service.CommandeServiceTest" time="0.524">
    <error message="&#10;Mockito cannot mock this class: class pizza.spring.dao.PizzaDao.&#10;&#10;Mockito can only mock non-private &amp; non-final classes.&#10;If you&apos;re not sure why you&apos;re getting this error, please report to the mailing list.&#10;&#10;&#10;Java               : 11&#10;JVM vendor name    : Oracle Corporation&#10;JVM vendor version : 11.0.4+10-LTS&#10;JVM name           : Java HotSpot(TM) 64-Bit Server VM&#10;JVM version        : 11.0.4+10-LTS&#10;JVM info           : mixed mode&#10;OS name            : Windows 10&#10;OS version         : 10.0&#10;&#10;&#10;Underlying exception : java.lang.IllegalArgumentException: Could not create type" type="org.mockito.exceptions.base.MockitoException"><![CDATA[org.mockito.exceptions.base.MockitoException: 

Mockito cannot mock this class: class pizza.spring.dao.PizzaDao.

Mockito can only mock non-private & non-final classes.
If you're not sure why you're getting this error, please report to the mailing list.


Java               : 11
JVM vendor name    : Oracle Corporation
JVM vendor version : 11.0.4+10-LTS
JVM name           : Java HotSpot(TM) 64-Bit Server VM
JVM version        : 11.0.4+10-LTS
JVM info           : mixed mode
OS name            : Windows 10
OS version         : 10.0


Underlying exception : java.lang.IllegalArgumentException: Could not create type
	at pizza.spring.service.CommandeServiceTest.initService(CommandeServiceTest.java:22)
Caused by: java.lang.IllegalArgumentException: Could not create type
	at pizza.spring.service.CommandeServiceTest.initService(CommandeServiceTest.java:22)
Caused by: java.lang.NoSuchMethodError: net.bytebuddy.dynamic.loading.MultipleParentClassLoader$Builder.appendMostSpecific(Ljava/util/Collection;)Lnet/bytebuddy/dynamic/loading/MultipleParentClassLoader$Builder;
	at pizza.spring.service.CommandeServiceTest.initService(CommandeServiceTest.java:22)
]]></error>
  </testcase>
  <testcase name="commander_cree_une_commande_en_attente_avec_une_date" classname="pizza.spring.service.CommandeServiceTest" time="0.001">
    <error message="&#10;Mockito cannot mock this class: class pizza.spring.dao.PizzaDao.&#10;&#10;Mockito can only mock non-private &amp; non-final classes.&#10;If you&apos;re not sure why you&apos;re getting this error, please report to the mailing list.&#10;&#10;&#10;Java               : 11&#10;JVM vendor name    : Oracle Corporation&#10;JVM vendor version : 11.0.4+10-LTS&#10;JVM name           : Java HotSpot(TM) 64-Bit Server VM&#10;JVM version        : 11.0.4+10-LTS&#10;JVM info           : mixed mode&#10;OS name            : Windows 10&#10;OS version         : 10.0&#10;&#10;&#10;Underlying exception : java.lang.IllegalArgumentException: Could not create type" type="org.mockito.exceptions.base.MockitoException"><![CDATA[org.mockito.exceptions.base.MockitoException: 

Mockito cannot mock this class: class pizza.spring.dao.PizzaDao.

Mockito can only mock non-private & non-final classes.
If you're not sure why you're getting this error, please report to the mailing list.


Java               : 11
JVM vendor name    : Oracle Corporation
JVM vendor version : 11.0.4+10-LTS
JVM name           : Java HotSpot(TM) 64-Bit Server VM
JVM version        : 11.0.4+10-LTS
JVM info           : mixed mode
OS name            : Windows 10
OS version         : 10.0


Underlying exception : java.lang.IllegalArgumentException: Could not create type
	at pizza.spring.service.CommandeServiceTest.initService(CommandeServiceTest.java:22)
Caused by: java.lang.IllegalArgumentException: Could not create type
	at pizza.spring.service.CommandeServiceTest.initService(CommandeServiceTest.java:22)
Caused by: java.lang.NoSuchMethodError: net.bytebuddy.dynamic.loading.MultipleParentClassLoader$Builder.appendMostSpecific(Ljava/util/Collection;)Lnet/bytebuddy/dynamic/loading/MultipleParentClassLoader$Builder;
	at pizza.spring.service.CommandeServiceTest.initService(CommandeServiceTest.java:22)
]]></error>
  </testcase>
  <testcase name="commander_ajoute_une_pizza_dans_la_commande" classname="pizza.spring.service.CommandeServiceTest" time="0.001">
    <error message="&#10;Mockito cannot mock this class: class pizza.spring.dao.PizzaDao.&#10;&#10;Mockito can only mock non-private &amp; non-final classes.&#10;If you&apos;re not sure why you&apos;re getting this error, please report to the mailing list.&#10;&#10;&#10;Java               : 11&#10;JVM vendor name    : Oracle Corporation&#10;JVM vendor version : 11.0.4+10-LTS&#10;JVM name           : Java HotSpot(TM) 64-Bit Server VM&#10;JVM version        : 11.0.4+10-LTS&#10;JVM info           : mixed mode&#10;OS name            : Windows 10&#10;OS version         : 10.0&#10;&#10;&#10;Underlying exception : java.lang.IllegalArgumentException: Could not create type" type="org.mockito.exceptions.base.MockitoException"><![CDATA[org.mockito.exceptions.base.MockitoException: 

Mockito cannot mock this class: class pizza.spring.dao.PizzaDao.

Mockito can only mock non-private & non-final classes.
If you're not sure why you're getting this error, please report to the mailing list.


Java               : 11
JVM vendor name    : Oracle Corporation
JVM vendor version : 11.0.4+10-LTS
JVM name           : Java HotSpot(TM) 64-Bit Server VM
JVM version        : 11.0.4+10-LTS
JVM info           : mixed mode
OS name            : Windows 10
OS version         : 10.0


Underlying exception : java.lang.IllegalArgumentException: Could not create type
	at pizza.spring.service.CommandeServiceTest.initService(CommandeServiceTest.java:22)
Caused by: java.lang.IllegalArgumentException: Could not create type
	at pizza.spring.service.CommandeServiceTest.initService(CommandeServiceTest.java:22)
Caused by: java.lang.NoSuchMethodError: net.bytebuddy.dynamic.loading.MultipleParentClassLoader$Builder.appendMostSpecific(Ljava/util/Collection;)Lnet/bytebuddy/dynamic/loading/MultipleParentClassLoader$Builder;
	at pizza.spring.service.CommandeServiceTest.initService(CommandeServiceTest.java:22)
]]></error>
  </testcase>
  <testcase name="commander_sauve_la_commande" classname="pizza.spring.service.CommandeServiceTest" time="0.001">
    <error message="&#10;Mockito cannot mock this class: class pizza.spring.dao.PizzaDao.&#10;&#10;Mockito can only mock non-private &amp; non-final classes.&#10;If you&apos;re not sure why you&apos;re getting this error, please report to the mailing list.&#10;&#10;&#10;Java               : 11&#10;JVM vendor name    : Oracle Corporation&#10;JVM vendor version : 11.0.4+10-LTS&#10;JVM name           : Java HotSpot(TM) 64-Bit Server VM&#10;JVM version        : 11.0.4+10-LTS&#10;JVM info           : mixed mode&#10;OS name            : Windows 10&#10;OS version         : 10.0&#10;&#10;&#10;Underlying exception : java.lang.IllegalArgumentException: Could not create type" type="org.mockito.exceptions.base.MockitoException"><![CDATA[org.mockito.exceptions.base.MockitoException: 

Mockito cannot mock this class: class pizza.spring.dao.PizzaDao.

Mockito can only mock non-private & non-final classes.
If you're not sure why you're getting this error, please report to the mailing list.


Java               : 11
JVM vendor name    : Oracle Corporation
JVM vendor version : 11.0.4+10-LTS
JVM name           : Java HotSpot(TM) 64-Bit Server VM
JVM version        : 11.0.4+10-LTS
JVM info           : mixed mode
OS name            : Windows 10
OS version         : 10.0


Underlying exception : java.lang.IllegalArgumentException: Could not create type
	at pizza.spring.service.CommandeServiceTest.initService(CommandeServiceTest.java:22)
Caused by: java.lang.IllegalArgumentException: Could not create type
	at pizza.spring.service.CommandeServiceTest.initService(CommandeServiceTest.java:22)
Caused by: java.lang.NoSuchMethodError: net.bytebuddy.dynamic.loading.MultipleParentClassLoader$Builder.appendMostSpecific(Ljava/util/Collection;)Lnet/bytebuddy/dynamic/loading/MultipleParentClassLoader$Builder;
	at pizza.spring.service.CommandeServiceTest.initService(CommandeServiceTest.java:22)
]]></error>
  </testcase>
</testsuite>